2025-06-22 08:37:09,904 - INFO - Starting ETL Pipeline...
2025-06-22 08:37:09,905 - INFO - Loading raw data...
2025-06-22 08:37:10,047 - INFO - Cleaning customers data...
2025-06-22 08:37:10,084 - INFO - Cleaning products data...
2025-06-22 08:37:10,097 - INFO - Cleaning orders data...
2025-06-22 08:37:10,117 - INFO - Cleaning reconciliation data...
2025-06-22 08:37:10,124 - INFO - Creating SQLite database...
2025-06-22 08:37:10,192 - INFO - Loading data into database...
2025-06-22 08:37:10,470 - INFO - Generating summary report...
2025-06-22 08:37:10,488 - ERROR - ETL Pipeline failed: Object of type int64 is not JSON serializable
2025-06-22 08:42:33,873 - INFO - Starting ETL Pipeline...
2025-06-22 08:42:33,873 - INFO - Loading raw data...
2025-06-22 08:42:34,001 - INFO - Cleaning customers data...
2025-06-22 08:42:34,033 - INFO - Cleaning products data...
2025-06-22 08:42:34,043 - INFO - Cleaning orders data...
2025-06-22 08:42:34,057 - INFO - Cleaning reconciliation data...
2025-06-22 08:42:34,062 - INFO - Creating SQLite database...
2025-06-22 08:42:34,114 - INFO - Loading data into database...
2025-06-22 08:42:34,317 - INFO - Generating summary report...
2025-06-22 08:42:34,331 - INFO - ETL Pipeline completed successfully!
